<?xml version="1.0" encoding="UTF-8" ?>
<testsuite tests="4" failures="0" name="com.mycompany.mavencalculadora.mavenCalculatorTest" time="0.003" errors="0" skipped="0">
  <properties>
    <property name="java.runtime.name" value="Java(TM) SE Runtime Environment"/>
    <property name="java.vm.version" value="15.0.1+9-18"/>
    <property name="sun.boot.library.path" value="/usr/lib/jvm/jdk-15.0.1/lib"/>
    <property name="maven.multiModuleProjectDirectory" value="/home/nel500/NetBeansProjects/mavenCalculadora"/>
    <property name="java.vm.vendor" value="Oracle Corporation"/>
    <property name="java.vendor.url" value="https://java.oracle.com/"/>
    <property name="guice.disable.misplaced.annotation.check" value="true"/>
    <property name="path.separator" value=":"/>
    <property name="java.vm.name" value="Java HotSpot(TM) 64-Bit Server VM"/>
    <property name="user.country" value="SV"/>
    <property name="sun.java.launcher" value="SUN_STANDARD"/>
    <property name="test" value="com.mycompany.mavencalculadora.mavenCalculatorTest"/>
    <property name="java.vm.specification.name" value="Java Virtual Machine Specification"/>
    <property name="user.dir" value="/home/nel500/NetBeansProjects/mavenCalculadora"/>
    <property name="java.vm.compressedOopsMode" value="32-bit"/>
    <property name="java.runtime.version" value="15.0.1+9-18"/>
    <property name="os.arch" value="amd64"/>
    <property name="java.io.tmpdir" value="/tmp"/>
    <property name="line.separator" value="
"/>
    <property name="java.vm.specification.vendor" value="Oracle Corporation"/>
    <property name="os.name" value="Linux"/>
    <property name="maven.ext.class.path" value="/home/nel500/netbeans-12.3/netbeans/java/maven-nblib/netbeans-eventspy.jar"/>
    <property name="classworlds.conf" value="/home/nel500/netbeans-12.3/netbeans/java/maven/bin/m2.conf"/>
    <property name="sun.jnu.encoding" value="UTF-8"/>
    <property name="java.library.path" value="/usr/java/packages/lib:/usr/lib64:/lib64:/lib:/usr/lib"/>
    <property name="maven.conf" value="/home/nel500/netbeans-12.3/netbeans/java/maven/conf"/>
    <property name="jdk.debug" value="release"/>
    <property name="java.class.version" value="59.0"/>
    <property name="java.specification.name" value="Java Platform API Specification"/>
    <property name="sun.management.compiler" value="HotSpot 64-Bit Tiered Compilers"/>
    <property name="os.version" value="5.8.0-44-generic"/>
    <property name="library.jansi.path" value="/home/nel500/netbeans-12.3/netbeans/java/maven/lib/jansi-native"/>
    <property name="user.home" value="/home/nel500"/>
    <property name="user.timezone" value="America/El_Salvador"/>
    <property name="file.encoding" value="UTF-8"/>
    <property name="java.specification.version" value="15"/>
    <property name="user.name" value="nel500"/>
    <property name="java.class.path" value="/home/nel500/netbeans-12.3/netbeans/java/maven/boot/plexus-classworlds-2.6.0.jar"/>
    <property name="java.vm.specification.version" value="15"/>
    <property name="sun.arch.data.model" value="64"/>
    <property name="sun.java.command" value="org.codehaus.plexus.classworlds.launcher.Launcher -Dtest=com.mycompany.mavencalculadora.mavenCalculatorTest -Dmaven.ext.class.path=/home/nel500/netbeans-12.3/netbeans/java/maven-nblib/netbeans-eventspy.jar surefire:test"/>
    <property name="java.home" value="/usr/lib/jvm/jdk-15.0.1"/>
    <property name="user.language" value="es"/>
    <property name="java.specification.vendor" value="Oracle Corporation"/>
    <property name="java.vm.info" value="mixed mode, sharing"/>
    <property name="java.version" value="15.0.1"/>
    <property name="securerandom.source" value="file:/dev/./urandom"/>
    <property name="java.vendor" value="Oracle Corporation"/>
    <property name="maven.home" value="/home/nel500/netbeans-12.3/netbeans/java/maven"/>
    <property name="file.separator" value="/"/>
    <property name="java.version.date" value="2020-10-20"/>
    <property name="java.vendor.url.bug" value="https://bugreport.java.com/bugreport/"/>
    <property name="sun.io.unicode.encoding" value="UnicodeLittle"/>
    <property name="sun.cpu.endian" value="little"/>
  </properties>
  <testcase classname="com.mycompany.mavencalculadora.mavenCalculatorTest" name="testAdd" time="0.003"/>
  <testcase classname="com.mycompany.mavencalculadora.mavenCalculatorTest" name="testSubtract" time="0"/>
  <testcase classname="com.mycompany.mavencalculadora.mavenCalculatorTest" name="testMultipy" time="0"/>
  <testcase classname="com.mycompany.mavencalculadora.mavenCalculatorTest" name="testDivide" time="0"/>
</testsuite>